<?xml version="1.0" encoding="UTF-8"?>
<!-- Generated by org.testng.reporters.JUnitReportReporter -->
<testsuite skipped="0" hostname="SONY-VAIO" name="com.ss.selenium.annotations.assertion.VerifyTitle" tests="1" failures="0" timestamp="17 Sep 2018 02:39:51 GMT" time="10.453" errors="0">
  <testcase name="verifyPageTitleViaSource" time="10.453" classname="com.ss.selenium.annotations.assertion.VerifyTitle"/>
</testsuite> <!-- com.ss.selenium.annotations.assertion.VerifyTitle -->
