<?xml version="1.0" encoding="UTF-8"?>
<!-- Generated by org.testng.reporters.JUnitReportReporter -->
<testsuite skipped="4" hostname="HOME-VAIO" name="com.ss.selenium.annotations.A" tests="5" failures="0" timestamp="01 Feb 2019 03:04:39 GMT" time="0.002" errors="0">
  <testcase name="m1" time="0.002" classname="com.ss.selenium.annotations.A"/>
  <testcase name="test1" classname="com.ss.selenium.annotations.A">
    <skipped/>
  </testcase> <!-- test1 -->
  <testcase name="test2" classname="com.ss.selenium.annotations.A">
    <skipped/>
  </testcase> <!-- test2 -->
  <testcase name="test3" classname="com.ss.selenium.annotations.A">
    <skipped/>
  </testcase> <!-- test3 -->
  <testcase name="cat" classname="com.ss.selenium.annotations.A">
    <skipped/>
  </testcase> <!-- cat -->
</testsuite> <!-- com.ss.selenium.annotations.A -->
