<?xml version="1.0" encoding="UTF-8"?>
<!-- Generated by org.testng.reporters.JUnitReportReporter -->
<testsuite skipped="0" hostname="HOME-VAIO" name="com.ss.selenium.annotations.B" tests="1" failures="0" timestamp="01 Feb 2019 03:04:39 GMT" time="0.000" errors="0">
  <testcase name="m1" time="0.000" classname="com.ss.selenium.annotations.B"/>
</testsuite> <!-- com.ss.selenium.annotations.B -->
