<?xml version="1.0" encoding="UTF-8"?>
<!-- Generated by org.testng.reporters.JUnitReportReporter -->
<testsuite skipped="0" hostname="HOME-VAIO" name="com.ss.selenium.annotations.B" tests="1" failures="0" timestamp="03 Jan 2019 15:56:53 GMT" time="0.001" errors="0">
  <testcase name="m1" time="0.001" classname="com.ss.selenium.annotations.B"/>
</testsuite> <!-- com.ss.selenium.annotations.B -->
