<?xml version="1.0" encoding="UTF-8"?>
<!-- Generated by org.testng.reporters.JUnitReportReporter -->
<testsuite skipped="0" hostname="HOME-VAIO" name="com.ss.selinium.script.ScrollIntoView" tests="1" failures="0" timestamp="31 Oct 2018 17:20:50 GMT" time="16.875" errors="0">
  <testcase name="Test" time="16.875" classname="com.ss.selinium.script.ScrollIntoView"/>
</testsuite> <!-- com.ss.selinium.script.ScrollIntoView -->
