<?xml version="1.0" encoding="UTF-8"?>
<!-- Generated by org.testng.reporters.JUnitReportReporter -->
<testsuite hostname="HOME-VAIO" name="mavenn.DemoforMaven" tests="1" failures="0" timestamp="4 Dec 2018 23:14:33 GMT" time="0.024" errors="0">
  <testcase name="test1" time="0.024" classname="mavenn.DemoforMaven"/>
</testsuite> <!-- mavenn.DemoforMaven -->
