<?xml version="1.0" encoding="UTF-8"?>
<!-- Generated by org.testng.reporters.JUnitReportReporter -->
<testsuite skipped="0" hostname="HOME-VAIO" name="Tests.LoginTest" tests="2" failures="0" timestamp="31 Jan 2019 16:06:14 GMT" time="10.851" errors="0">
  <testcase name="test2" time="2.993" classname="Tests.LoginTest"/>
  <testcase name="test1" time="7.858" classname="Tests.LoginTest"/>
</testsuite> <!-- Tests.LoginTest -->
