<?xml version="1.0" encoding="UTF-8"?>
<!-- Generated by org.testng.reporters.JUnitReportReporter -->
<testsuite skipped="0" hostname="HOME-VAIO" name="com.ss.selinium.script.SampleTest" tests="1" failures="0" timestamp="30 Jan 2019 17:21:07 GMT" time="22.477" errors="0">
  <testcase name="loginApp" time="22.477" classname="com.ss.selinium.script.SampleTest"/>
</testsuite> <!-- com.ss.selinium.script.SampleTest -->
