<?xml version="1.0" encoding="UTF-8"?>
<!-- Generated by org.testng.reporters.JUnitReportReporter -->
<testsuite skipped="0" hostname="BASAKTHSA" name="com.ss.selenium.annotations.B" tests="2" failures="0" timestamp="01 Feb 2019 09:02:12 GMT" time="0.024" errors="0">
  <testcase name="m1" time="0.019" classname="com.ss.selenium.annotations.B"/>
  <testcase name="m2" time="0.005" classname="com.ss.selenium.annotations.B"/>
</testsuite> <!-- com.ss.selenium.annotations.B -->
