<?xml version="1.0" encoding="UTF-8"?>
<!-- Generated by org.testng.reporters.JUnitReportReporter -->
<testsuite skipped="0" hostname="BASAKTHSA" name="Tests.LoginTest" tests="2" failures="0" timestamp="31 Jan 2019 09:07:09 GMT" time="21.766" errors="0">
  <testcase name="test2" time="4.379" classname="Tests.LoginTest"/>
  <testcase name="test1" time="17.387" classname="Tests.LoginTest"/>
</testsuite> <!-- Tests.LoginTest -->
